Using pre-set license
Built from '2020.3/staging' branch; Version is '2020.3.20f1 (41c4e627c95f) revision 4310246'; Using compiler version '192528614'; Build Type 'Release'
OS: 'Windows 10 Home; OS build 22000.376; Version 2009; 64bit' Language: 'ko' Physical Memory: 16275 MB
BatchMode: 1, IsHumanControllingUs: 0, StartBugReporterOnCrash: 0, Is64bit: 1, IsPro: 0

COMMAND LINE ARGUMENTS:
C:\Program Files\Unity\Hub\Editor\2020.3.20f1\Editor\Unity.exe
-adb2
-batchMode
-noUpm
-name
AssetImportWorker0
-projectPath
C:/Users/user/SpaceX Landing
-logFile
Logs/AssetImportWorker0.log
-srvPort
6690
Successfully changed project path to: C:/Users/user/SpaceX Landing
C:/Users/user/SpaceX Landing
Using Asset Import Pipeline V2.
Refreshing native plugins compatible for Editor in 41.72 ms, found 3 plugins.
Preloading 0 native plugins for Editor in 0.00 ms.
Initialize engine version: 2020.3.20f1 (41c4e627c95f)
[Subsystems] Discovering subsystems at path C:/Program Files/Unity/Hub/Editor/2020.3.20f1/Editor/Data/Resources/UnitySubsystems
[Subsystems] Discovering subsystems at path C:/Users/user/SpaceX Landing/Assets
GfxDevice: creating device client; threaded=0
Direct3D:
    Version:  Direct3D 11.0 [level 11.1]
    Renderer: NVIDIA GeForce GTX 1650 with Max-Q Design (ID=0x1f91)
    Vendor:   
    VRAM:     3962 MB
    Driver:   30.0.14.9676
Initialize mono
Mono path[0] = 'C:/Program Files/Unity/Hub/Editor/2020.3.20f1/Editor/Data/Managed'
Mono path[1] = 'C:/Program Files/Unity/Hub/Editor/2020.3.20f1/Editor/Data/MonoBleedingEdge/lib/mono/unityjit'
Mono config path = 'C:/Program Files/Unity/Hub/Editor/2020.3.20f1/Editor/Data/MonoBleedingEdge/etc'
Using monoOptions --debugger-agent=transport=dt_socket,embedding=1,server=y,suspend=n,address=127.0.0.1:56180
Begin MonoManager ReloadAssembly
Registering precompiled unity dll's ...
Register platform support module: C:/Program Files/Unity/Hub/Editor/2020.3.20f1/Editor/Data/PlaybackEngines/WindowsStandaloneSupport/UnityEditor.WindowsStandalone.Extensions.dll
Registered in 0.002138 seconds.
Native extension for WindowsStandalone target not found
Refreshing native plugins compatible for Editor in 44.36 ms, found 3 plugins.
Preloading 0 native plugins for Editor in 0.00 ms.
Mono: successfully reloaded assembly
- Completed reload, in  1.262 seconds
Domain Reload Profiling:
	ReloadAssembly (1262ms)
		BeginReloadAssembly (92ms)
			ExecutionOrderSort (0ms)
			DisableScriptedObjects (0ms)
			BackupInstance (0ms)
			ReleaseScriptingObjects (0ms)
			CreateAndSetChildDomain (1ms)
		EndReloadAssembly (509ms)
			LoadAssemblies (89ms)
			RebuildTransferFunctionScriptingTraits (0ms)
			SetupTypeCache (190ms)
			ReleaseScriptCaches (0ms)
			RebuildScriptCaches (33ms)
			SetupLoadedEditorAssemblies (191ms)
				LogAssemblyErrors (0ms)
				InitializePlatformSupportModulesInManaged (5ms)
				SetLoadedEditorAssemblies (0ms)
				RefreshPlugins (44ms)
				BeforeProcessingInitializeOnLoad (19ms)
				ProcessInitializeOnLoadAttributes (91ms)
				ProcessInitializeOnLoadMethodAttributes (32ms)
				AfterProcessingInitializeOnLoad (0ms)
				EditorAssembliesLoaded (0ms)
			ExecutionOrderSort2 (0ms)
			AwakeInstancesAfterBackupRestoration (0ms)
Platform modules already initialized, skipping
Registering precompiled user dll's ...
Registered in 0.010179 seconds.
Begin MonoManager ReloadAssembly
Native extension for WindowsStandalone target not found
Refreshing native plugins compatible for Editor in 37.29 ms, found 3 plugins.
Preloading 0 native plugins for Editor in 0.00 ms.
Mono: successfully reloaded assembly
- Completed reload, in  1.641 seconds
Domain Reload Profiling:
	ReloadAssembly (1642ms)
		BeginReloadAssembly (156ms)
			ExecutionOrderSort (0ms)
			DisableScriptedObjects (4ms)
			BackupInstance (0ms)
			ReleaseScriptingObjects (0ms)
			CreateAndSetChildDomain (19ms)
		EndReloadAssembly (1424ms)
			LoadAssemblies (99ms)
			RebuildTransferFunctionScriptingTraits (0ms)
			SetupTypeCache (315ms)
			ReleaseScriptCaches (0ms)
			RebuildScriptCaches (41ms)
			SetupLoadedEditorAssemblies (853ms)
				LogAssemblyErrors (0ms)
				InitializePlatformSupportModulesInManaged (5ms)
				SetLoadedEditorAssemblies (0ms)
				RefreshPlugins (37ms)
				BeforeProcessingInitializeOnLoad (97ms)
				ProcessInitializeOnLoadAttributes (701ms)
				ProcessInitializeOnLoadMethodAttributes (4ms)
				AfterProcessingInitializeOnLoad (8ms)
				EditorAssembliesLoaded (0ms)
			ExecutionOrderSort2 (0ms)
			AwakeInstancesAfterBackupRestoration (6ms)
Platform modules already initialized, skipping
========================================================================
Worker process is ready to serve import requests
Launched and connected shader compiler UnityShaderCompiler.exe after 0.10 seconds
Refreshing native plugins compatible for Editor in 0.43 ms, found 3 plugins.
Preloading 0 native plugins for Editor in 0.00 ms.
Unloading 2032 Unused Serialized files (Serialized files now loaded: 0)
System memory in use before: 98.9 MB.
System memory in use after: 99.0 MB.

Unloading 34 unused Assets to reduce memory usage. Loaded Objects now: 2451.
Total: 3.863900 ms (FindLiveObjects: 0.186100 ms CreateObjectMapping: 0.062400 ms MarkObjects: 3.554200 ms  DeleteObjects: 0.060100 ms)

AssetImportParameters requested are different than current active one (requested -> active):
  custom:framework-win-MediaFoundation: 216162199b28c13a410421893ffa2e32 -> 
  custom:video-decoder-ogg-theora: a1e56fd34408186e4bbccfd4996cb3dc -> 
  custom:container-muxer-webm: aa71ff27fc2769a1b78a27578f13a17b -> 
  custom:container-demuxer-webm: 4f35f7cbe854078d1ac9338744f61a02 -> 
  custom:container-demuxer-ogg: 62fdf1f143b41e24485cea50d1cbac27 -> 
  custom:video-encoder-webm-vp8: eb34c28f22e8b96e1ab97ce403110664 -> 
  custom:video-codec-MediaFoundation-h265: 746d11721c4dcdbdad8f713fa42b33f4 -> 
  custom:video-decoder-webm-vp8: 9c59270c3fd7afecdb556c50c9e8de78 -> 
  custom:audio-decoder-ogg-vorbis: bf7c407c2cedff20999df2af8eb42d56 -> 
  custom:audio-encoder-webm-vorbis: bf7c407c2cedff20999df2af8eb42d56 -> 
========================================================================
Received Import Request.
  path: Assets/Final
  artifactKey: Guid(d7ed9011b220b6643a0c655c318ab4e6) Importer(815301076,1909f56bfc062723c751e8b465ee728b)
Start importing Assets/Final using Guid(d7ed9011b220b6643a0c655c318ab4e6) Importer(815301076,1909f56bfc062723c751e8b465ee728b)  -> (artifact id: '3fb0b0e725f7be7aecd17031df7ed8c7') in 0.014527 seconds 
  Import took 0.017497 seconds .

========================================================================
Received Prepare
Registering precompiled user dll's ...
Registered in 0.010393 seconds.
Begin MonoManager ReloadAssembly
Native extension for WindowsStandalone target not found
Refreshing native plugins compatible for Editor in 0.58 ms, found 3 plugins.
Preloading 0 native plugins for Editor in 0.00 ms.
Mono: successfully reloaded assembly
- Completed reload, in  1.620 seconds
Domain Reload Profiling:
	ReloadAssembly (1620ms)
		BeginReloadAssembly (152ms)
			ExecutionOrderSort (0ms)
			DisableScriptedObjects (5ms)
			BackupInstance (0ms)
			ReleaseScriptingObjects (0ms)
			CreateAndSetChildDomain (45ms)
		EndReloadAssembly (1385ms)
			LoadAssemblies (187ms)
			RebuildTransferFunctionScriptingTraits (0ms)
			SetupTypeCache (418ms)
			ReleaseScriptCaches (1ms)
			RebuildScriptCaches (48ms)
			SetupLoadedEditorAssemblies (598ms)
				LogAssemblyErrors (0ms)
				InitializePlatformSupportModulesInManaged (6ms)
				SetLoadedEditorAssemblies (1ms)
				RefreshPlugins (1ms)
				BeforeProcessingInitializeOnLoad (123ms)
				ProcessInitializeOnLoadAttributes (449ms)
				ProcessInitializeOnLoadMethodAttributes (6ms)
				AfterProcessingInitializeOnLoad (12ms)
				EditorAssembliesLoaded (0ms)
			ExecutionOrderSort2 (0ms)
			AwakeInstancesAfterBackupRestoration (9ms)
Platform modules already initialized, skipping
Refreshing native plugins compatible for Editor in 0.55 ms, found 3 plugins.
Preloading 0 native plugins for Editor in 0.00 ms.
Unloading 2026 Unused Serialized files (Serialized files now loaded: 0)
System memory in use before: 98.7 MB.
System memory in use after: 98.8 MB.

Unloading 28 unused Assets to reduce memory usage. Loaded Objects now: 2454.
Total: 4.670900 ms (FindLiveObjects: 0.214300 ms CreateObjectMapping: 0.084600 ms MarkObjects: 4.340500 ms  DeleteObjects: 0.030100 ms)

AssetImportParameters requested are different than current active one (requested -> active):
  custom:framework-win-MediaFoundation: 216162199b28c13a410421893ffa2e32 -> 
  custom:video-decoder-ogg-theora: a1e56fd34408186e4bbccfd4996cb3dc -> 
  custom:container-muxer-webm: aa71ff27fc2769a1b78a27578f13a17b -> 
  custom:container-demuxer-webm: 4f35f7cbe854078d1ac9338744f61a02 -> 
  custom:container-demuxer-ogg: 62fdf1f143b41e24485cea50d1cbac27 -> 
  custom:video-encoder-webm-vp8: eb34c28f22e8b96e1ab97ce403110664 -> 
  custom:video-codec-MediaFoundation-h265: 746d11721c4dcdbdad8f713fa42b33f4 -> 
  custom:video-decoder-webm-vp8: 9c59270c3fd7afecdb556c50c9e8de78 -> 
  custom:audio-decoder-ogg-vorbis: bf7c407c2cedff20999df2af8eb42d56 -> 
  custom:audio-encoder-webm-vorbis: bf7c407c2cedff20999df2af8eb42d56 -> 
========================================================================
Received Import Request.
  Time since last request: 61.298818 seconds.
  path: Assets/Final/Final.unity
  artifactKey: Guid(1a0a1a104bba84046a7133265535b56a) Importer(815301076,1909f56bfc062723c751e8b465ee728b)
Start importing Assets/Final/Final.unity using Guid(1a0a1a104bba84046a7133265535b56a) Importer(815301076,1909f56bfc062723c751e8b465ee728b)  -> (artifact id: 'df818d981bfd2a46b150eafb2f1e3011') in 0.019835 seconds 
  Import took 0.022868 seconds .

========================================================================
Received Import Request.
  Time since last request: 24.014919 seconds.
  path: Assets/Final/Materials
  artifactKey: Guid(1fb69efc7baa2c942be419315ba19085) Importer(815301076,1909f56bfc062723c751e8b465ee728b)
Start importing Assets/Final/Materials using Guid(1fb69efc7baa2c942be419315ba19085) Importer(815301076,1909f56bfc062723c751e8b465ee728b)  -> (artifact id: '31953779c5567d1c4e4665a2f6c29b81') in 0.009461 seconds 
  Import took 0.013010 seconds .

========================================================================
Received Import Request.
  Time since last request: 5.365600 seconds.
  path: Assets/Final/New Folder
  artifactKey: Guid(bed904457289dc44a844a2fc73f59efc) Importer(815301076,1909f56bfc062723c751e8b465ee728b)
Start importing Assets/Final/New Folder using Guid(bed904457289dc44a844a2fc73f59efc) Importer(815301076,1909f56bfc062723c751e8b465ee728b)  -> (artifact id: 'a1e875bb3d8068437a9a084526d99cb5') in 0.009118 seconds 
  Import took 0.012684 seconds .

========================================================================
Received Import Request.
  Time since last request: 29.640300 seconds.
  path: Assets/Final/Scripts
  artifactKey: Guid(71f95318a4e88a74e906d881e1e7d9fa) Importer(815301076,1909f56bfc062723c751e8b465ee728b)
Start importing Assets/Final/Scripts using Guid(71f95318a4e88a74e906d881e1e7d9fa) Importer(815301076,1909f56bfc062723c751e8b465ee728b)  -> (artifact id: '515d7cad9b144463b0d8545571dbeda3') in 0.011469 seconds 
  Import took 0.014868 seconds .

========================================================================
Received Import Request.
  Time since last request: 141.131926 seconds.
  path: Assets/Final/Final.unity
  artifactKey: Guid(1a0a1a104bba84046a7133265535b56a) Importer(815301076,1909f56bfc062723c751e8b465ee728b)
Start importing Assets/Final/Final.unity using Guid(1a0a1a104bba84046a7133265535b56a) Importer(815301076,1909f56bfc062723c751e8b465ee728b)  -> (artifact id: '5eb4121489bd3c9ae23ab8c53669453b') in 0.005503 seconds 
  Import took 0.009616 seconds .

========================================================================
Received Import Request.
  Time since last request: 32.089050 seconds.
  path: Assets/Lab/Lab04/Lab04.unity
  artifactKey: Guid(2e08015404edbba4aaf08111da1f1c6f) Importer(815301076,1909f56bfc062723c751e8b465ee728b)
Start importing Assets/Lab/Lab04/Lab04.unity using Guid(2e08015404edbba4aaf08111da1f1c6f) Importer(815301076,1909f56bfc062723c751e8b465ee728b)  -> (artifact id: '39085d071917d3fa9046e68da3688a46') in 0.012757 seconds 
  Import took 0.015871 seconds .

========================================================================
Received Import Request.
  Time since last request: 1306.343183 seconds.
  path: Assets/Final/Materials/LandingZoneFail.png
  artifactKey: Guid(94ba53ef8acb0a74f90bd849c22ed548) Importer(815301076,1909f56bfc062723c751e8b465ee728b)
Start importing Assets/Final/Materials/LandingZoneFail.png using Guid(94ba53ef8acb0a74f90bd849c22ed548) Importer(815301076,1909f56bfc062723c751e8b465ee728b)  -> (artifact id: 'a077fed2269be9f6d55ca895f59d9225') in 0.164041 seconds 
  Import took 0.168315 seconds .

========================================================================
Received Import Request.
  Time since last request: 0.000323 seconds.
  path: Assets/Final/Materials/LandingZoneSuccess.png
  artifactKey: Guid(f5be58cdb83a38a4fa95ed0169cc2054) Importer(815301076,1909f56bfc062723c751e8b465ee728b)
Start importing Assets/Final/Materials/LandingZoneSuccess.png using Guid(f5be58cdb83a38a4fa95ed0169cc2054) Importer(815301076,1909f56bfc062723c751e8b465ee728b)  -> (artifact id: 'b2ac1526b0fc43dc3af0ca674b341a33') in 0.020809 seconds 
  Import took 0.024416 seconds .

========================================================================
Received Import Request.
  Time since last request: 0.000276 seconds.
  path: Assets/Final/Materials/LandingZoneNormal.png
  artifactKey: Guid(b21470a9009e8e44fa9f3f14c5dc46b3) Importer(815301076,1909f56bfc062723c751e8b465ee728b)
Start importing Assets/Final/Materials/LandingZoneNormal.png using Guid(b21470a9009e8e44fa9f3f14c5dc46b3) Importer(815301076,1909f56bfc062723c751e8b465ee728b)  -> (artifact id: '2831be9a7486a333e1e79ee6c8148e3e') in 0.025068 seconds 
  Import took 0.028933 seconds .

========================================================================
Received Import Request.
  Time since last request: 13.639712 seconds.
  path: Assets/Final/Materials/Black.mat
  artifactKey: Guid(67cbe9fb5c84d0e4cad8de63bdcd1fa0) Importer(815301076,1909f56bfc062723c751e8b465ee728b)
Start importing Assets/Final/Materials/Black.mat using Guid(67cbe9fb5c84d0e4cad8de63bdcd1fa0) Importer(815301076,1909f56bfc062723c751e8b465ee728b)  -> (artifact id: '64bdb1e0380e40f07646c736d1eb2bfc') in 0.084845 seconds 
  Import took 0.088753 seconds .

========================================================================
Received Import Request.
  Time since last request: 1394.619002 seconds.
  path: Assets/Final/Scripts/AgentControllerFInal.cs
  artifactKey: Guid(81f39d3fa2de56f439cea1d62e546953) Importer(815301076,1909f56bfc062723c751e8b465ee728b)
Start importing Assets/Final/Scripts/AgentControllerFInal.cs using Guid(81f39d3fa2de56f439cea1d62e546953) Importer(815301076,1909f56bfc062723c751e8b465ee728b)  -> (artifact id: '80c3c95bcf2d688ee578fa8c87e9d808') in 0.080630 seconds 
  Import took 0.085768 seconds .

========================================================================
Received Prepare
Registering precompiled user dll's ...
Registered in 0.006853 seconds.
Begin MonoManager ReloadAssembly
Native extension for WindowsStandalone target not found
Refreshing native plugins compatible for Editor in 0.50 ms, found 3 plugins.
Preloading 0 native plugins for Editor in 0.00 ms.
Mono: successfully reloaded assembly
- Completed reload, in  1.216 seconds
Domain Reload Profiling:
	ReloadAssembly (1216ms)
		BeginReloadAssembly (131ms)
			ExecutionOrderSort (0ms)
			DisableScriptedObjects (4ms)
			BackupInstance (0ms)
			ReleaseScriptingObjects (0ms)
			CreateAndSetChildDomain (46ms)
		EndReloadAssembly (1019ms)
			LoadAssemblies (126ms)
			RebuildTransferFunctionScriptingTraits (0ms)
			SetupTypeCache (346ms)
			ReleaseScriptCaches (1ms)
			RebuildScriptCaches (40ms)
			SetupLoadedEditorAssemblies (386ms)
				LogAssemblyErrors (0ms)
				InitializePlatformSupportModulesInManaged (4ms)
				SetLoadedEditorAssemblies (0ms)
				RefreshPlugins (1ms)
				BeforeProcessingInitializeOnLoad (76ms)
				ProcessInitializeOnLoadAttributes (295ms)
				ProcessInitializeOnLoadMethodAttributes (4ms)
				AfterProcessingInitializeOnLoad (5ms)
				EditorAssembliesLoaded (0ms)
			ExecutionOrderSort2 (0ms)
			AwakeInstancesAfterBackupRestoration (7ms)
Platform modules already initialized, skipping
Refreshing native plugins compatible for Editor in 0.73 ms, found 3 plugins.
Preloading 0 native plugins for Editor in 0.00 ms.
Unloading 2027 Unused Serialized files (Serialized files now loaded: 0)
System memory in use before: 102.0 MB.
System memory in use after: 102.1 MB.

Unloading 28 unused Assets to reduce memory usage. Loaded Objects now: 2499.
Total: 3.703300 ms (FindLiveObjects: 0.184200 ms CreateObjectMapping: 0.062400 ms MarkObjects: 3.433800 ms  DeleteObjects: 0.021900 ms)

AssetImportParameters requested are different than current active one (requested -> active):
  custom:framework-win-MediaFoundation: 216162199b28c13a410421893ffa2e32 -> 
  custom:video-decoder-ogg-theora: a1e56fd34408186e4bbccfd4996cb3dc -> 
  custom:container-muxer-webm: aa71ff27fc2769a1b78a27578f13a17b -> 
  custom:container-demuxer-webm: 4f35f7cbe854078d1ac9338744f61a02 -> 
  custom:container-demuxer-ogg: 62fdf1f143b41e24485cea50d1cbac27 -> 
  custom:video-encoder-webm-vp8: eb34c28f22e8b96e1ab97ce403110664 -> 
  custom:video-codec-MediaFoundation-h265: 746d11721c4dcdbdad8f713fa42b33f4 -> 
  custom:video-decoder-webm-vp8: 9c59270c3fd7afecdb556c50c9e8de78 -> 
  custom:audio-decoder-ogg-vorbis: bf7c407c2cedff20999df2af8eb42d56 -> 
  custom:audio-encoder-webm-vorbis: bf7c407c2cedff20999df2af8eb42d56 -> 
========================================================================
Received Import Request.
  Time since last request: 14.386264 seconds.
  path: Assets/Final/Scripts/RocketControllerFinal.cs
  artifactKey: Guid(e3e14e7b7fb85b447899b28aec87f4a0) Importer(815301076,1909f56bfc062723c751e8b465ee728b)
Start importing Assets/Final/Scripts/RocketControllerFinal.cs using Guid(e3e14e7b7fb85b447899b28aec87f4a0) Importer(815301076,1909f56bfc062723c751e8b465ee728b)  -> (artifact id: '65b3f5d61c7f849c43f41c0c12978f4a') in 0.016191 seconds 
  Import took 0.019998 seconds .

========================================================================
Received Prepare
Registering precompiled user dll's ...
Registered in 0.008114 seconds.
Begin MonoManager ReloadAssembly
Native extension for WindowsStandalone target not found
Refreshing native plugins compatible for Editor in 0.45 ms, found 3 plugins.
Preloading 0 native plugins for Editor in 0.00 ms.
Mono: successfully reloaded assembly
- Completed reload, in  1.209 seconds
Domain Reload Profiling:
	ReloadAssembly (1209ms)
		BeginReloadAssembly (129ms)
			ExecutionOrderSort (0ms)
			DisableScriptedObjects (4ms)
			BackupInstance (0ms)
			ReleaseScriptingObjects (0ms)
			CreateAndSetChildDomain (39ms)
		EndReloadAssembly (1015ms)
			LoadAssemblies (100ms)
			RebuildTransferFunctionScriptingTraits (0ms)
			SetupTypeCache (342ms)
			ReleaseScriptCaches (1ms)
			RebuildScriptCaches (38ms)
			SetupLoadedEditorAssemblies (423ms)
				LogAssemblyErrors (0ms)
				InitializePlatformSupportModulesInManaged (5ms)
				SetLoadedEditorAssemblies (0ms)
				RefreshPlugins (1ms)
				BeforeProcessingInitializeOnLoad (86ms)
				ProcessInitializeOnLoadAttributes (321ms)
				ProcessInitializeOnLoadMethodAttributes (4ms)
				AfterProcessingInitializeOnLoad (6ms)
				EditorAssembliesLoaded (0ms)
			ExecutionOrderSort2 (0ms)
			AwakeInstancesAfterBackupRestoration (6ms)
Platform modules already initialized, skipping
Refreshing native plugins compatible for Editor in 0.59 ms, found 3 plugins.
Preloading 0 native plugins for Editor in 0.00 ms.
Unloading 2028 Unused Serialized files (Serialized files now loaded: 0)
System memory in use before: 102.0 MB.
System memory in use after: 102.2 MB.

Unloading 28 unused Assets to reduce memory usage. Loaded Objects now: 2503.
Total: 3.911900 ms (FindLiveObjects: 0.186100 ms CreateObjectMapping: 0.062400 ms MarkObjects: 3.641300 ms  DeleteObjects: 0.021100 ms)

AssetImportParameters requested are different than current active one (requested -> active):
  custom:framework-win-MediaFoundation: 216162199b28c13a410421893ffa2e32 -> 
  custom:video-decoder-ogg-theora: a1e56fd34408186e4bbccfd4996cb3dc -> 
  custom:container-muxer-webm: aa71ff27fc2769a1b78a27578f13a17b -> 
  custom:container-demuxer-webm: 4f35f7cbe854078d1ac9338744f61a02 -> 
  custom:container-demuxer-ogg: 62fdf1f143b41e24485cea50d1cbac27 -> 
  custom:video-encoder-webm-vp8: eb34c28f22e8b96e1ab97ce403110664 -> 
  custom:video-codec-MediaFoundation-h265: 746d11721c4dcdbdad8f713fa42b33f4 -> 
  custom:video-decoder-webm-vp8: 9c59270c3fd7afecdb556c50c9e8de78 -> 
  custom:audio-decoder-ogg-vorbis: bf7c407c2cedff20999df2af8eb42d56 -> 
  custom:audio-encoder-webm-vorbis: bf7c407c2cedff20999df2af8eb42d56 -> 
========================================================================
Received Import Request.
  Time since last request: 1887.991115 seconds.
  path: Assets/Final/Scripts/RocketControllerFinal.cs
  artifactKey: Guid(e3e14e7b7fb85b447899b28aec87f4a0) Importer(815301076,1909f56bfc062723c751e8b465ee728b)
Start importing Assets/Final/Scripts/RocketControllerFinal.cs using Guid(e3e14e7b7fb85b447899b28aec87f4a0) Importer(815301076,1909f56bfc062723c751e8b465ee728b)  -> (artifact id: 'ccec323e841c00cd2f2dd125ac13d26e') in 0.008895 seconds 
  Import took 0.013686 seconds .

========================================================================
Received Import Request.
  Time since last request: 377.277296 seconds.
  path: Assets/Final/Scripts/RocketControllerFinal.cs
  artifactKey: Guid(e3e14e7b7fb85b447899b28aec87f4a0) Importer(815301076,1909f56bfc062723c751e8b465ee728b)
Start importing Assets/Final/Scripts/RocketControllerFinal.cs using Guid(e3e14e7b7fb85b447899b28aec87f4a0) Importer(815301076,1909f56bfc062723c751e8b465ee728b)  -> (artifact id: '8316ccebcb241f8ea739ef16c776a68b') in 0.004058 seconds 
  Import took 0.007989 seconds .

========================================================================
Received Prepare
Registering precompiled user dll's ...
Registered in 0.007118 seconds.
Begin MonoManager ReloadAssembly
Native extension for WindowsStandalone target not found
Refreshing native plugins compatible for Editor in 0.46 ms, found 3 plugins.
Preloading 0 native plugins for Editor in 0.00 ms.
Mono: successfully reloaded assembly
- Completed reload, in  1.244 seconds
Domain Reload Profiling:
	ReloadAssembly (1244ms)
		BeginReloadAssembly (130ms)
			ExecutionOrderSort (0ms)
			DisableScriptedObjects (5ms)
			BackupInstance (0ms)
			ReleaseScriptingObjects (0ms)
			CreateAndSetChildDomain (41ms)
		EndReloadAssembly (1030ms)
			LoadAssemblies (128ms)
			RebuildTransferFunctionScriptingTraits (0ms)
			SetupTypeCache (337ms)
			ReleaseScriptCaches (1ms)
			RebuildScriptCaches (58ms)
			SetupLoadedEditorAssemblies (397ms)
				LogAssemblyErrors (0ms)
				InitializePlatformSupportModulesInManaged (4ms)
				SetLoadedEditorAssemblies (0ms)
				RefreshPlugins (1ms)
				BeforeProcessingInitializeOnLoad (74ms)
				ProcessInitializeOnLoadAttributes (308ms)
				ProcessInitializeOnLoadMethodAttributes (4ms)
				AfterProcessingInitializeOnLoad (6ms)
				EditorAssembliesLoaded (0ms)
			ExecutionOrderSort2 (0ms)
			AwakeInstancesAfterBackupRestoration (6ms)
Platform modules already initialized, skipping
Refreshing native plugins compatible for Editor in 0.47 ms, found 3 plugins.
Preloading 0 native plugins for Editor in 0.00 ms.
Unloading 2028 Unused Serialized files (Serialized files now loaded: 0)
System memory in use before: 102.1 MB.
System memory in use after: 102.2 MB.

Unloading 28 unused Assets to reduce memory usage. Loaded Objects now: 2506.
Total: 3.956100 ms (FindLiveObjects: 0.366300 ms CreateObjectMapping: 0.101700 ms MarkObjects: 3.449300 ms  DeleteObjects: 0.037900 ms)

AssetImportParameters requested are different than current active one (requested -> active):
  custom:framework-win-MediaFoundation: 216162199b28c13a410421893ffa2e32 -> 
  custom:video-decoder-ogg-theora: a1e56fd34408186e4bbccfd4996cb3dc -> 
  custom:container-muxer-webm: aa71ff27fc2769a1b78a27578f13a17b -> 
  custom:container-demuxer-webm: 4f35f7cbe854078d1ac9338744f61a02 -> 
  custom:container-demuxer-ogg: 62fdf1f143b41e24485cea50d1cbac27 -> 
  custom:video-encoder-webm-vp8: eb34c28f22e8b96e1ab97ce403110664 -> 
  custom:video-codec-MediaFoundation-h265: 746d11721c4dcdbdad8f713fa42b33f4 -> 
  custom:video-decoder-webm-vp8: 9c59270c3fd7afecdb556c50c9e8de78 -> 
  custom:audio-decoder-ogg-vorbis: bf7c407c2cedff20999df2af8eb42d56 -> 
  custom:audio-encoder-webm-vorbis: bf7c407c2cedff20999df2af8eb42d56 -> 
AssetImportWorkerClient::OnTransportError - code=2 error=End of file
